<?xml version="1.0" encoding="UTF-8"?>
<!-- Generated by org.testng.reporters.JUnitXMLReporter -->
<testsuite ignored="5" hostname="SumaRudraraju" failures="0" tests="7" name="Test" time="229.906" errors="0" timestamp="2024-10-22T16:59:49 IST">
  <testcase classname="TestCases.LoginTestCases" name="VerifytheloginfunctionalitywithInvalidcredentials" time="50.509"/>
  <testcase classname="TestCases.LoginTestCases" name="VerifytheLoginpagewithaninvalidUserNameandvalidpassword" time="43.114"/>
  <testcase classname="TestCases.LoginTestCases" name="VerifytheUsernameFieldfunctionalitywithinValiedCredentials" time="3.518"/>
  <testcase classname="TestCases.LoginTestCases" name="VerifytheUsernameFieldfunctionalitywithSecialCharacters" time="3.195"/>
  <testcase classname="TestCases.LoginTestCases" name="VerifythepasswordFieldfunctionalitywithinValiedCredentials" time="11.612"/>
  <testcase classname="TestCases.LoginTestCases" name="VerifythepasswordFieldfunctionalitywithSpecialCharacters" time="15.324"/>
  <testcase classname="TestCases.LoginTestCases" name="VerifyLogin" time="15.774"/>
  <testcase classname="TestCases.LoginTestCases" name="VerifyloginpageUI" time="0.0">
    <ignored/>
  </testcase> <!-- VerifyloginpageUI -->
  <testcase classname="TestCases.LoginTestCases" name="ClickonTermsAndConditionsLink" time="0.0">
    <ignored/>
  </testcase> <!-- ClickonTermsAndConditionsLink -->
  <testcase classname="TestCases.LoginTestCases" name="VerifyLoginpagewiththevalidUsernameandinvalidPassword" time="0.0">
    <ignored/>
  </testcase> <!-- VerifyLoginpagewiththevalidUsernameandinvalidPassword -->
  <testcase classname="TestCases.LoginTestCases" name="VerifytheUsernameFieldfunctionalitywithEmpitydata" time="0.0">
    <ignored/>
  </testcase> <!-- VerifytheUsernameFieldfunctionalitywithEmpitydata -->
  <testcase classname="TestCases.LoginTestCases" name="VerifythepasswordFieldfunctionalitywithEmpitydata" time="0.0">
    <ignored/>
  </testcase> <!-- VerifythepasswordFieldfunctionalitywithEmpitydata -->
</testsuite> <!-- Test -->
